<?xml version="1.0" encoding="UTF-8"?>
<!-- Generated by org.testng.reporters.JUnitReportReporter -->
<testsuite hostname="NILAMMA-W10" name="crmframework.crmAutomation.AccountPageTest" tests="2" failures="0" timestamp="3 Feb 2021 11:12:38 GMT" time="145.927" errors="0">
  <testcase name="verifyCrmHomePage" time="99.063" classname="crmframework.crmAutomation.AccountPageTest"/>
  <testcase name="verifyAccountStatusToActivateAccount" time="46.864" classname="crmframework.crmAutomation.AccountPageTest"/>
</testsuite> <!-- crmframework.crmAutomation.AccountPageTest -->
