<?xml version="1.0" encoding="UTF-8"?>
<!-- Generated by org.testng.reporters.JUnitReportReporter -->
<testsuite hostname="NILAMMA-W10" name="crmframework.crmAutomation.AccountPageTest" tests="2" failures="0" timestamp="12 Jan 2021 13:33:33 GMT" time="205.448" errors="0">
  <testcase name="verifyAddIncentiveToAccount" time="96.961" classname="crmframework.crmAutomation.AccountPageTest"/>
  <testcase name="verifyCrmHomePage" time="108.487" classname="crmframework.crmAutomation.AccountPageTest"/>
</testsuite> <!-- crmframework.crmAutomation.AccountPageTest -->
