<?xml version="1.0" encoding="UTF-8"?>
<!-- Generated by org.testng.reporters.JUnitReportReporter -->
<testsuite hostname="NILAMMA-W10" name="crmframework.crmAutomation.HomePageTest" tests="5" failures="0" timestamp="7 Jan 2021 11:50:12 GMT" time="174.826" errors="0">
  <testcase name="AddIncentive" time="10.242" classname="crmframework.crmAutomation.HomePageTest"/>
  <testcase name="relatedTab" time="16.813" classname="crmframework.crmAutomation.HomePageTest"/>
  <testcase name="addIncentiveDetails" time="30.141" classname="crmframework.crmAutomation.HomePageTest"/>
  <testcase name="AddMarketingRelationshipOwner" time="0.019" classname="crmframework.crmAutomation.HomePageTest"/>
  <testcase name="crmhomepage" time="117.611" classname="crmframework.crmAutomation.HomePageTest"/>
</testsuite> <!-- crmframework.crmAutomation.HomePageTest -->
