<?xml version="1.0" encoding="UTF-8"?>
<!-- Generated by org.testng.reporters.JUnitReportReporter -->
<testsuite hostname="NILAMMA-W10" name="crmframework.crmAutomation.AccountPageTest" tests="2" failures="0" timestamp="22 Jan 2021 14:14:44 GMT" time="184.903" errors="0">
  <testcase name="verifyCrmHomePage" time="114.791" classname="crmframework.crmAutomation.AccountPageTest"/>
  <testcase name="verifyAddMarketingRelationshipOwnerToAccount" time="70.112" classname="crmframework.crmAutomation.AccountPageTest"/>
</testsuite> <!-- crmframework.crmAutomation.AccountPageTest -->
