<?xml version="1.0" encoding="UTF-8"?>
<!-- Generated by org.testng.reporters.JUnitReportReporter -->
<testsuite hostname="NILAMMA-W10" name="crmframework.crmAutomation.ContactPageTest" tests="3" failures="0" timestamp="8 Mar 2021 12:35:16 GMT" time="213.365" errors="0">
  <testcase name="TS001_VerifyHomePageTest" time="97.619" classname="crmframework.crmAutomation.ContactPageTest"/>
  <testcase name="TS002_VerifyCreateNewContactTest" time="63.639" classname="crmframework.crmAutomation.ContactPageTest"/>
  <testcase name="TS003_VerifyToDeactivateBuyerContactTest" time="52.107" classname="crmframework.crmAutomation.ContactPageTest"/>
</testsuite> <!-- crmframework.crmAutomation.ContactPageTest -->
