<?xml version="1.0" encoding="UTF-8"?>
<!-- Generated by org.testng.reporters.JUnitReportReporter -->
<testsuite hostname="NILAMMA-W10" name="crmframework.crmAutomation.AccountPageTest" tests="23" failures="0" timestamp="3 Mar 2021 12:06:29 GMT" time="1152.652" errors="1">
  <testcase name="TS001_VerifyHomePageTest" time="121.350" classname="crmframework.crmAutomation.AccountPageTest"/>
  <testcase name="TS010_VerifyBusinessRuleForPhoneNumberTest" time="42.129" classname="crmframework.crmAutomation.AccountPageTest"/>
  <testcase name="TS009_VerifyAccountStatusToDeactivateAccountTest" time="62.610" classname="crmframework.crmAutomation.AccountPageTest"/>
  <testcase name="TS011_VerifyAddNoteToAccountTest" time="65.920" classname="crmframework.crmAutomation.AccountPageTest"/>
  <testcase name="TS019_VerifyUpdateAccountInformation" time="39.269" classname="crmframework.crmAutomation.AccountPageTest"/>
  <testcase name="TS004_VerifyAddMarketingRelationshipOwnerToAccountTest" time="35.676" classname="crmframework.crmAutomation.AccountPageTest"/>
  <testcase name="TS005_VerifySearchAccountTest" time="4.249" classname="crmframework.crmAutomation.AccountPageTest"/>
  <testcase name="TS018_VerifyDeactivateAccountTest" time="30.656" classname="crmframework.crmAutomation.AccountPageTest"/>
  <testcase name="TS012_VerifyAddNewPostToAccountTest" time="40.533" classname="crmframework.crmAutomation.AccountPageTest"/>
  <testcase name="TS015_VerifyNamePhoneCityInGridTest" time="65.080" classname="crmframework.crmAutomation.AccountPageTest"/>
  <testcase name="TS017_VerifyDuplicateAccountTest" time="91.649" classname="crmframework.crmAutomation.AccountPageTest"/>
  <testcase name="TS002_VerifyCreateNewAccountTest" time="46.562" classname="crmframework.crmAutomation.AccountPageTest"/>
  <testcase name="TS020_VerifyAddContactTest" time="44.355" classname="crmframework.crmAutomation.AccountPageTest"/>
  <testcase name="TS016_VerifySearchusingAccountNameandPhoneTest" time="27.948" classname="crmframework.crmAutomation.AccountPageTest"/>
  <testcase name="TS013_VerifyPhoneCallOnAccountTest" time="53.509" classname="crmframework.crmAutomation.AccountPageTest"/>
  <testcase name="TS006_VerifyAuditHistoryTabOnAccountTest" time="31.638" classname="crmframework.crmAutomation.AccountPageTest"/>
  <testcase name="TS008_VerifyAccountStatusToActivateAccountTest" time="43.771" classname="crmframework.crmAutomation.AccountPageTest"/>
  <testcase name="TS003_VerifyAddTimelineToAccountTest" time="40.931" classname="crmframework.crmAutomation.AccountPageTest"/>
  <testcase name="TS014_VerifyStateAndRegionInGridTest" time="48.991" classname="crmframework.crmAutomation.AccountPageTest"/>
  <testcase name="TS021_VerifyUpdateContactsFromAccountFormTest" time="52.688" classname="crmframework.crmAutomation.AccountPageTest"/>
  <testcase name="TS022_VerifyMediaSegmentationFieldTest" time="87.651" classname="crmframework.crmAutomation.AccountPageTest"/>
  <testcase name="TS024_ManualFail_VerifyAssociatedContactsAccountStatusOfDeactivatedAccountTest" time="42.265" classname="crmframework.crmAutomation.AccountPageTest">
    <error type="java.lang.AssertionError" message="expected [true] but found [false]">
      <![CDATA[java.lang.AssertionError: expected [true] but found [false]
	at org.testng.Assert.fail(Assert.java:94)
	at org.testng.Assert.failNotEquals(Assert.java:494)
	at org.testng.Assert.assertTrue(Assert.java:42)
	at org.testng.Assert.assertTrue(Assert.java:52)
	at crmframework.crmAutomation.AccountPageTest.TS024_ManualFail_VerifyAssociatedContactsAccountStatusOfDeactivatedAccountTest(AccountPageTest.java:1482)
	at sun.reflect.NativeMethodAccessorImpl.invoke0(Native Method)
	at sun.reflect.NativeMethodAccessorImpl.invoke(Unknown Source)
	at sun.reflect.DelegatingMethodAccessorImpl.invoke(Unknown Source)
	at java.lang.reflect.Method.invoke(Unknown Source)
	at org.testng.internal.MethodInvocationHelper.invokeMethod(MethodInvocationHelper.java:80)
	at org.testng.internal.Invoker.invokeMethod(Invoker.java:714)
	at org.testng.internal.Invoker.invokeTestMethod(Invoker.java:901)
	at org.testng.internal.Invoker.invokeTestMethods(Invoker.java:1231)
	at org.testng.internal.TestMethodWorker.invokeTestMethods(TestMethodWorker.java:127)
	at org.testng.internal.TestMethodWorker.run(TestMethodWorker.java:111)
	at org.testng.TestRunner.privateRun(TestRunner.java:767)
	at org.testng.TestRunner.run(TestRunner.java:617)
	at org.testng.SuiteRunner.runTest(SuiteRunner.java:334)
	at org.testng.SuiteRunner.runSequentially(SuiteRunner.java:329)
	at org.testng.SuiteRunner.privateRun(SuiteRunner.java:291)
	at org.testng.SuiteRunner.run(SuiteRunner.java:240)
	at org.testng.SuiteRunnerWorker.runSuite(SuiteRunnerWorker.java:52)
	at org.testng.SuiteRunnerWorker.run(SuiteRunnerWorker.java:86)
	at org.testng.TestNG.runSuitesSequentially(TestNG.java:1198)
	at org.testng.TestNG.runSuitesLocally(TestNG.java:1123)
	at org.testng.TestNG.run(TestNG.java:1031)
	at org.testng.remote.AbstractRemoteTestNG.run(AbstractRemoteTestNG.java:132)
	at org.testng.remote.RemoteTestNG.initAndRun(RemoteTestNG.java:236)
	at org.testng.remote.RemoteTestNG.main(RemoteTestNG.java:81)
]]>
    </error>
  </testcase> <!-- TS024_ManualFail_VerifyAssociatedContactsAccountStatusOfDeactivatedAccountTest -->
  <testcase name="TS007_VerifyParentAccountTest" time="33.222" classname="crmframework.crmAutomation.AccountPageTest"/>
</testsuite> <!-- crmframework.crmAutomation.AccountPageTest -->
