<?xml version="1.0" encoding="UTF-8"?>
<!-- Generated by org.testng.reporters.JUnitReportReporter -->
<testsuite hostname="satishg-w10" name="crmframework.crmAutomation.AccountPageTest" tests="3" failures="0" timestamp="4 Feb 2021 18:28:45 GMT" time="211.196" errors="0">
  <testcase name="verifyAddNoteToAccount" time="69.663" classname="crmframework.crmAutomation.AccountPageTest"/>
  <testcase name="verifyAddNewPostToAccount" time="33.157" classname="crmframework.crmAutomation.AccountPageTest"/>
  <testcase name="verifyCrmHomePage" time="108.376" classname="crmframework.crmAutomation.AccountPageTest"/>
</testsuite> <!-- crmframework.crmAutomation.AccountPageTest -->
