<?xml version="1.0" encoding="UTF-8"?>
<!-- Generated by org.testng.reporters.JUnitReportReporter -->
<testsuite hostname="NILAMMA-W10" name="crmframework.crmAutomation.AccountPageTest" tests="3" failures="0" timestamp="2 Mar 2021 13:15:51 GMT" time="217.857" errors="0">
  <testcase name="TS001_VerifyHomePageTest" time="114.291" classname="crmframework.crmAutomation.AccountPageTest"/>
  <testcase name="TS015_VerifyStateAndRegionInGridTest" time="38.692" classname="crmframework.crmAutomation.AccountPageTest"/>
  <testcase name="TS016_VerifyNamePhoneCityInGridTest" time="64.874" classname="crmframework.crmAutomation.AccountPageTest"/>
</testsuite> <!-- crmframework.crmAutomation.AccountPageTest -->
