<?xml version="1.0" encoding="UTF-8"?>
<!-- Generated by org.testng.reporters.JUnitReportReporter -->
<testsuite hostname="NILAMMA-W10" name="crmframework.crmAutomation.AccountPageTest" tests="3" failures="0" timestamp="10 Feb 2021 04:59:10 GMT" time="261.341" errors="0">
  <testcase name="verifyCrmHomePage" time="122.273" classname="crmframework.crmAutomation.AccountPageTest"/>
  <testcase name="verifyDuplicateAccount" time="75.966" classname="crmframework.crmAutomation.AccountPageTest"/>
  <testcase name="verifyCreateNewAccount" time="63.102" classname="crmframework.crmAutomation.AccountPageTest"/>
</testsuite> <!-- crmframework.crmAutomation.AccountPageTest -->
