<?xml version="1.0" encoding="UTF-8"?>
<!-- Generated by org.testng.reporters.JUnitReportReporter -->
<testsuite hostname="NILAMMA-W10" name="crmframework.crmAutomation.OtherTest" tests="3" failures="0" timestamp="5 Mar 2021 09:52:17 GMT" time="219.445" errors="0">
  <testcase name="TS001_VerifyHomePageTest" time="117.043" classname="crmframework.crmAutomation.OtherTest"/>
  <testcase name="TS027_VerifyAddNewTaskFromTimelineToAccountTest" time="46.399" classname="crmframework.crmAutomation.OtherTest"/>
  <testcase name="TS026_VerifyAssociatedListsSectionTest" time="56.003" classname="crmframework.crmAutomation.OtherTest"/>
</testsuite> <!-- crmframework.crmAutomation.OtherTest -->
