<?xml version="1.0" encoding="UTF-8"?>
<!-- Generated by org.testng.reporters.JUnitReportReporter -->
<<<<<<< HEAD
<testsuite hostname="NILAMMA-W10" name="crmframework.crmAutomation.AccountPageTest" tests="2" failures="0" timestamp="3 Feb 2021 11:12:38 GMT" time="145.927" errors="0">
  <testcase name="verifyCrmHomePage" time="99.063" classname="crmframework.crmAutomation.AccountPageTest"/>
  <testcase name="verifyAccountStatusToActivateAccount" time="46.864" classname="crmframework.crmAutomation.AccountPageTest"/>
=======
<testsuite hostname="satishg-w10" name="crmframework.crmAutomation.AccountPageTest" tests="3" failures="0" timestamp="4 Feb 2021 18:28:45 GMT" time="211.196" errors="0">
  <testcase name="verifyAddNoteToAccount" time="69.663" classname="crmframework.crmAutomation.AccountPageTest"/>
  <testcase name="verifyAddNewPostToAccount" time="33.157" classname="crmframework.crmAutomation.AccountPageTest"/>
  <testcase name="verifyCrmHomePage" time="108.376" classname="crmframework.crmAutomation.AccountPageTest"/>
>>>>>>> 535159b86328247993a21b96d2aab02faa320a11
</testsuite> <!-- crmframework.crmAutomation.AccountPageTest -->
